= Start
@ ./omp:[0x400d3a] + 0xbdc600 0x20000
@ /lib64/libc.so.6:[0x7f3f1ba9154d] + 0xbfc610 0x238
@ /lib64/libc.so.6:[0x7f3f1ba9154d] + 0xbfc850 0x238
@ ./omp:[0x400db3] + 0x7f3f1aa25010 0x1000000
@ ./omp:[0x4032ef] + 0x7f3f19a24010 0x1000000
@ ./omp:[0x403683] - 0x7f3f19a24010
@ ./omp:[0x401025] + 0xbfca90 0x144
@ ./omp:[0x4010c8] + 0xbfcbe0 0x450
@ ./omp:[0x4010f9] + 0xbfd040 0x40000
@ ./omp:[0x401104] + 0xc3d050 0x40000
@ ./omp:[0x401114] + 0xc7d060 0x40000
@ /lib64/libgomp.so.1:[0x7f3f1c00c869] + 0xcbd070 0x2040
@ /lib64/libgomp.so.1:[0x7f3f1c00c869] + 0xcbf0c0 0xc0
@ /lib64/libgomp.so.1:[0x7f3f1c00c8b9] + 0xcbf190 0x108
@ /lib64/ld-linux-x86-64.so.2:(_dl_allocate_tls+0x25)[0x7f3f1c53cc25] + 0xcbf2a0 0x240
@ /lib64/ld-linux-x86-64.so.2:(_dl_allocate_tls+0x25)[0x7f3f1c53cc25] + 0xcbf4f0 0x240
@ /lib64/ld-linux-x86-64.so.2:(_dl_allocate_tls+0x25)[0x7f3f1c53cc25] + 0xcbf740 0x240
@ /lib64/ld-linux-x86-64.so.2:(_dl_allocate_tls+0x25)[0x7f3f1c53cc25] + 0xcbf990 0x240
@ /lib64/ld-linux-x86-64.so.2:(_dl_allocate_tls+0x25)[0x7f3f1c53cc25] + 0xcbfbe0 0x240
@ /lib64/ld-linux-x86-64.so.2:(_dl_allocate_tls+0x25)[0x7f3f1c53cc25] + 0xcbfe30 0x240
@ /lib64/ld-linux-x86-64.so.2:(_dl_allocate_tls+0x25)[0x7f3f1c53cc25] + 0xcc0080 0x240
@ /lib64/ld-linux-x86-64.so.2:(_dl_allocate_tls+0x25)[0x7f3f1c53cc25] + 0xcc02d0 0x240
@ /lib64/ld-linux-x86-64.so.2:(_dl_allocate_tls+0x25)[0x7f3f1c53cc25] + 0xcc0520 0x240
@ /lib64/ld-linux-x86-64.so.2:(_dl_allocate_tls+0x25)[0x7f3f1c53cc25] + 0xcc0770 0x240
@ /lib64/ld-linux-x86-64.so.2:(_dl_allocate_tls+0x25)[0x7f3f1c53cc25] + 0xcc09c0 0x240
@ /lib64/ld-linux-x86-64.so.2:(_dl_allocate_tls+0x25)[0x7f3f1c53cc25] + 0xcc0c10 0x240
@ /lib64/ld-linux-x86-64.so.2:(_dl_allocate_tls+0x25)[0x7f3f1c53cc25] + 0xcc0e60 0x240
@ /lib64/ld-linux-x86-64.so.2:(_dl_allocate_tls+0x25)[0x7f3f1c53cc25] + 0xcc10b0 0x240
@ /lib64/ld-linux-x86-64.so.2:(_dl_allocate_tls+0x25)[0x7f3f1c53cc25] + 0xcc1300 0x240
@ /lib64/ld-linux-x86-64.so.2:(_dl_allocate_tls+0x25)[0x7f3f1c53cc25] + 0xcc1550 0x240
@ /lib64/ld-linux-x86-64.so.2:(_dl_allocate_tls+0x25)[0x7f3f1c53cc25] + 0xcc17a0 0x240
@ /lib64/ld-linux-x86-64.so.2:(_dl_allocate_tls+0x25)[0x7f3f1c53cc25] + 0xcc19f0 0x240
@ /lib64/ld-linux-x86-64.so.2:(_dl_allocate_tls+0x25)[0x7f3f1c53cc25] + 0xcc1c40 0x240
@ /lib64/ld-linux-x86-64.so.2:(_dl_allocate_tls+0x25)[0x7f3f1c53cc25] + 0xcc1e90 0x240
@ /lib64/ld-linux-x86-64.so.2:(_dl_allocate_tls+0x25)[0x7f3f1c53cc25] + 0xcc20e0 0x240
@ /lib64/ld-linux-x86-64.so.2:(_dl_allocate_tls+0x25)[0x7f3f1c53cc25] + 0xcc2330 0x240
@ /lib64/ld-linux-x86-64.so.2:(_dl_allocate_tls+0x25)[0x7f3f1c53cc25] + 0xcc2580 0x240
@ /lib64/ld-linux-x86-64.so.2:(_dl_allocate_tls+0x25)[0x7f3f1c53cc25] + 0xcc27d0 0x240
@ /lib64/ld-linux-x86-64.so.2:(_dl_allocate_tls+0x25)[0x7f3f1c53cc25] + 0xcc2a20 0x240
@ /lib64/ld-linux-x86-64.so.2:(_dl_allocate_tls+0x25)[0x7f3f1c53cc25] + 0xcc2c70 0x240
@ /lib64/ld-linux-x86-64.so.2:(_dl_allocate_tls+0x25)[0x7f3f1c53cc25] + 0xcc2ec0 0x240
@ /lib64/ld-linux-x86-64.so.2:(_dl_allocate_tls+0x25)[0x7f3f1c53cc25] + 0xcc3110 0x240
@ /lib64/ld-linux-x86-64.so.2:(_dl_allocate_tls+0x25)[0x7f3f1c53cc25] + 0xcc3360 0x240
@ /lib64/ld-linux-x86-64.so.2:(_dl_allocate_tls+0x25)[0x7f3f1c53cc25] + 0xcc35b0 0x240
@ /lib64/ld-linux-x86-64.so.2:(_dl_allocate_tls+0x25)[0x7f3f1c53cc25] + 0xcc3800 0x240
@ ./omp:[0x40113f] + 0xcc3a50 0x40000
@ ./omp:[0x40114c] + 0xd03a60 0x40000
@ ./omp:[0x401159] + 0xd43a70 0x40000
@ ./omp:[0x401166] + 0xd83a80 0x40000
@ ./omp:[0x401171] + 0xdc3a90 0x40000
@ ./omp:[0x40118f] + 0xe03aa0 0x8a0000
@ ./omp:[0x40149d] - 0xbfca90
@ ./omp:[0x4014a7] - 0xbfcbe0
@ ./omp:[0x4014af] - 0xbfd040
@ ./omp:[0x4014b9] - 0xcc3a50
@ ./omp:[0x4014c3] - 0xd03a60
@ ./omp:[0x4014cd] - 0xd43a70
@ ./omp:[0x4014d7] - 0xc3d050
@ ./omp:[0x4014e1] - 0xc7d060
@ ./omp:[0x4014e9] - 0xd83a80
@ ./omp:[0x4014f3] - 0xdc3a90
@ ./omp:[0x400dfc] - 0xe03aa0
@ /lib64/libc.so.6:(fclose+0x155)[0x7f3f1ba90bd5] - 0xbfc610
@ /lib64/libc.so.6:(fclose+0x155)[0x7f3f1ba90bd5] - 0xbfc850
@ ./omp:[0x400e3b] - 0xbdc600
@ ./omp:[0x400e43] - 0x7f3f1aa25010
= End
